2025-09-05 06:09:46,404 - TankArmorSim - INFO - info:109 - Simulation logging session started: 20250905_060946
2025-09-05 06:09:46,404 - TankArmorSim - INFO - info:109 - Simple test
2025-09-05 06:09:46,405 - TankArmorSim - INFO - info:113 - Info data: {
  "test": "simple",
  "number": 42,
  "float": 3.14,
  "boolean": true,
  "null": null
}
2025-09-05 06:09:46,405 - TankArmorSim - WARNING - warning:120 - Warning test
2025-09-05 06:09:46,405 - TankArmorSim - WARNING - warning:124 - Warning data: {
  "warning_level": "medium"
}
2025-09-05 06:09:46,405 - TankArmorSim - INFO - info:109 - Penetration Test: M829A4 APFSDS vs Test Composite
2025-09-05 06:09:46,406 - TankArmorSim - INFO - info:113 - Info data: {
  "test_type": "penetration",
  "timestamp": "2025-09-05T06:09:46.405739",
  "inputs": {
    "ammunition": "M829A4 APFSDS",
    "armor": "Test Composite",
    "angle": 15.0,
    "distance": 2000.0
  },
  "results": {
    "penetration": 1120.1194635759912,
    "effective_thickness": 797.1626589157639,
    "outcome": "TEST",
    "advanced_physics": {
      "base_penetration": 1120.1194635759912,
      "final_penetration": 1120.1194635759912,
      "velocity_at_target": 1336.0,
      "advanced_effects": {},
      "ricochet_analysis": {},
      "temperature_analysis": {}
    }
  }
}
