2025-09-05 06:05:56,821 - TankArmorSim - INFO - info:104 - Simulation logging session started: 20250905_060556
2025-09-05 06:06:06,937 - TankArmorSim - INFO - info:104 - Penetration Test: M829A4 APFSDS vs RHA 100.0mm
2025-09-05 06:07:50,859 - TankArmorSim - INFO - info:109 - Simulation logging session started: 20250905_060750
2025-09-05 06:08:23,906 - TankArmorSim - INFO - info:109 - Penetration Test: M829A4 APFSDS vs RHA 100.0mm
2025-09-05 06:08:23,907 - TankArmorSim - INFO - info:113 - Info data: {
  "test_type": "penetration",
  "timestamp": "2025-09-05T06:08:23.906581",
  "inputs": {
    "ammunition": "M829A4 APFSDS",
    "armor": "RHA 100.0mm",
    "angle": 25.0,
    "distance": 1250.0
  },
  "results": {
    "penetration": 697.7111696273652,
    "effective_thickness": 110.33779189624917,
    "outcome": "PROJECTILE_PENETRATES",
    "advanced_physics": {
      "base_penetration": 1220.9580304641859,
      "final_penetration": 697.7111696273652,
      "velocity_at_target": 1131.8315693991462,
      "advanced_effects": {
        "environmental_modifier": 1.0,
        "ballistic_result": {
          "_class": "AdvancedBallisticResult",
          "velocity_at_target": 1131.8315693991462,
          "time_of_flight": 0.9130000000000007,
          "energy_at_target": 2946398.213423629,
          "trajectory_angle": -0.37938179442872255,
          "penetration_modifier": 1.0,
          "ricochet_probability": 0.0,
          "environmental_effects": {
            "temperature_effect": 0.0,
            "altitude_effect": 0.0,
            "humidity_effect": 0.0,
            "wind_effect": 0.0,
            "air_density_ratio": 0.9980921775903026
          }
        }
      },
      "ricochet_analysis": {
        "ricochet_probability": 0.0430327177055979,
        "predicted_outcome": "penetration",
        "deflection_angle": 0.0,
        "critical_angle": 73.27954545454546
      },
      "temperature_analysis": {
        "velocity_modifier": 1.0,
        "penetration_modifier": 1.0,
        "propellant_efficiency": 1.0686750042657422,
        "accuracy_modifier": 1.0
      }
    }
  }
}
2025-09-05 06:08:32,287 - TankArmorSim - INFO - info:109 - Penetration Test: M829A4 APFSDS vs RHA 100.0mm
2025-09-05 06:08:32,287 - TankArmorSim - INFO - info:113 - Info data: {
  "test_type": "penetration",
  "timestamp": "2025-09-05T06:08:32.287609",
  "inputs": {
    "ammunition": "M829A4 APFSDS",
    "armor": "RHA 100.0mm",
    "angle": 0.0,
    "distance": 1000.0
  },
  "results": {
    "penetration": 694.0824970653637,
    "effective_thickness": 100.0,
    "outcome": "PROJECTILE_PENETRATES",
    "advanced_physics": {
      "base_penetration": 1210.135117338067,
      "final_penetration": 694.0824970653637,
      "velocity_at_target": 1224.601757863838,
      "advanced_effects": {
        "environmental_modifier": 1.0,
        "ballistic_result": {
          "_class": "AdvancedBallisticResult",
          "velocity_at_target": 1224.601757863838,
          "time_of_flight": 0.7010000000000005,
          "energy_at_target": 3449193.7703353646,
          "trajectory_angle": -0.2781070048778341,
          "penetration_modifier": 1.0,
          "ricochet_probability": 0.0,
          "environmental_effects": {
            "temperature_effect": 0.0,
            "altitude_effect": 0.0,
            "humidity_effect": 0.0,
            "wind_effect": 0.0,
            "air_density_ratio": 0.9980921775903026
          }
        }
      },
      "ricochet_analysis": {
        "ricochet_probability": 0.09856000000000001,
        "predicted_outcome": "penetration",
        "deflection_angle": 0.0,
        "critical_angle": 73.69954545454546
      },
      "temperature_analysis": {
        "velocity_modifier": 1.0,
        "penetration_modifier": 1.0,
        "propellant_efficiency": 1.0686750042657422,
        "accuracy_modifier": 1.0
      }
    }
  }
}
2025-09-05 06:08:56,493 - TankArmorSim - INFO - info:109 - Penetration Test: M829A4 APFSDS vs RHA 100.0mm
2025-09-05 06:08:56,493 - TankArmorSim - INFO - info:113 - Info data: {
  "test_type": "penetration",
  "timestamp": "2025-09-05T06:08:56.493156",
  "inputs": {
    "ammunition": "M829A4 APFSDS",
    "armor": "RHA 100.0mm",
    "angle": 0.0,
    "distance": 1000.0
  },
  "results": {
    "penetration": 694.0824970653637,
    "effective_thickness": 100.0,
    "outcome": "PROJECTILE_PENETRATES",
    "advanced_physics": {
      "base_penetration": 1210.135117338067,
      "final_penetration": 694.0824970653637,
      "velocity_at_target": 1224.601757863838,
      "advanced_effects": {
        "environmental_modifier": 1.0,
        "ballistic_result": {
          "_class": "AdvancedBallisticResult",
          "velocity_at_target": 1224.601757863838,
          "time_of_flight": 0.7010000000000005,
          "energy_at_target": 3449193.7703353646,
          "trajectory_angle": -0.2781070048778341,
          "penetration_modifier": 1.0,
          "ricochet_probability": 0.0,
          "environmental_effects": {
            "temperature_effect": 0.0,
            "altitude_effect": 0.0,
            "humidity_effect": 0.0,
            "wind_effect": 0.0,
            "air_density_ratio": 0.9980921775903026
          }
        }
      },
      "ricochet_analysis": {
        "ricochet_probability": 0.09856000000000001,
        "predicted_outcome": "penetration",
        "deflection_angle": 0.0,
        "critical_angle": 73.69954545454546
      },
      "temperature_analysis": {
        "velocity_modifier": 1.0,
        "penetration_modifier": 1.0,
        "propellant_efficiency": 1.0686750042657422,
        "accuracy_modifier": 1.0
      }
    }
  }
}
2025-09-05 06:09:46,404 - TankArmorSim - INFO - info:109 - Simulation logging session started: 20250905_060946
2025-09-05 06:09:46,404 - TankArmorSim - INFO - info:109 - Simple test
2025-09-05 06:09:46,405 - TankArmorSim - INFO - info:113 - Info data: {
  "test": "simple",
  "number": 42,
  "float": 3.14,
  "boolean": true,
  "null": null
}
2025-09-05 06:09:46,405 - TankArmorSim - WARNING - warning:120 - Warning test
2025-09-05 06:09:46,405 - TankArmorSim - WARNING - warning:124 - Warning data: {
  "warning_level": "medium"
}
2025-09-05 06:09:46,405 - TankArmorSim - INFO - info:109 - Penetration Test: M829A4 APFSDS vs Test Composite
2025-09-05 06:09:46,406 - TankArmorSim - INFO - info:113 - Info data: {
  "test_type": "penetration",
  "timestamp": "2025-09-05T06:09:46.405739",
  "inputs": {
    "ammunition": "M829A4 APFSDS",
    "armor": "Test Composite",
    "angle": 15.0,
    "distance": 2000.0
  },
  "results": {
    "penetration": 1120.1194635759912,
    "effective_thickness": 797.1626589157639,
    "outcome": "TEST",
    "advanced_physics": {
      "base_penetration": 1120.1194635759912,
      "final_penetration": 1120.1194635759912,
      "velocity_at_target": 1336.0,
      "advanced_effects": {},
      "ricochet_analysis": {},
      "temperature_analysis": {}
    }
  }
}
2025-09-05 06:12:23,416 - TankArmorSim - INFO - info:109 - Simulation logging session started: 20250905_061223
2025-09-05 06:12:24,090 - TankArmorSim - INFO - info:109 - Penetration Test: M829A4 APFSDS vs RHA 100.0mm
2025-09-05 06:12:24,090 - TankArmorSim - INFO - info:113 - Info data: {
  "test_type": "penetration",
  "timestamp": "2025-09-05T06:12:24.090367",
  "inputs": {
    "ammunition": "M829A4 APFSDS",
    "armor": "RHA 100.0mm",
    "angle": 20.0,
    "distance": 1250.0
  },
  "results": {
    "penetration": 666.3311171602395,
    "effective_thickness": 106.4177772475912,
    "outcome": "PROJECTILE_PENETRATES",
    "advanced_physics": {
      "base_penetration": 1199.0731636139665,
      "final_penetration": 666.3311171602395,
      "velocity_at_target": 1131.8315693991462,
      "advanced_effects": {
        "environmental_modifier": 1.0,
        "ballistic_result": {
          "_class": "AdvancedBallisticResult",
          "velocity_at_target": 1131.8315693991462,
          "time_of_flight": 0.9130000000000007,
          "energy_at_target": 2946398.213423629,
          "trajectory_angle": -0.37938179442872255,
          "penetration_modifier": 1.0,
          "ricochet_probability": 0.0,
          "environmental_effects": {
            "temperature_effect": 0.0,
            "altitude_effect": 0.0,
            "humidity_effect": 0.0,
            "wind_effect": 0.0,
            "air_density_ratio": 0.9980921775903026
          }
        }
      },
      "ricochet_analysis": {
        "ricochet_probability": 0.052407501019390866,
        "predicted_outcome": "penetration",
        "deflection_angle": 0.0,
        "critical_angle": 73.27954545454546
      },
      "temperature_analysis": {
        "velocity_modifier": 1.0,
        "penetration_modifier": 1.0,
        "propellant_efficiency": 1.0686750042657422,
        "accuracy_modifier": 1.0
      }
    }
  }
}
2025-09-05 06:12:45,964 - TankArmorSim - INFO - info:109 - Penetration Test: M829A4 APFSDS vs RHA 100.0mm
2025-09-05 06:12:45,964 - TankArmorSim - INFO - info:113 - Info data: {
  "test_type": "penetration",
  "timestamp": "2025-09-05T06:12:45.964242",
  "inputs": {
    "ammunition": "M829A4 APFSDS",
    "armor": "RHA 100.0mm",
    "angle": 0.0,
    "distance": 1000.0
  },
  "results": {
    "penetration": 694.0824970653637,
    "effective_thickness": 100.0,
    "outcome": "PROJECTILE_PENETRATES",
    "advanced_physics": {
      "base_penetration": 1210.135117338067,
      "final_penetration": 694.0824970653637,
      "velocity_at_target": 1224.601757863838,
      "advanced_effects": {
        "environmental_modifier": 1.0,
        "ballistic_result": {
          "_class": "AdvancedBallisticResult",
          "velocity_at_target": 1224.601757863838,
          "time_of_flight": 0.7010000000000005,
          "energy_at_target": 3449193.7703353646,
          "trajectory_angle": -0.2781070048778341,
          "penetration_modifier": 1.0,
          "ricochet_probability": 0.0,
          "environmental_effects": {
            "temperature_effect": 0.0,
            "altitude_effect": 0.0,
            "humidity_effect": 0.0,
            "wind_effect": 0.0,
            "air_density_ratio": 0.9980921775903026
          }
        }
      },
      "ricochet_analysis": {
        "ricochet_probability": 0.09856000000000001,
        "predicted_outcome": "penetration",
        "deflection_angle": 0.0,
        "critical_angle": 73.69954545454546
      },
      "temperature_analysis": {
        "velocity_modifier": 1.0,
        "penetration_modifier": 1.0,
        "propellant_efficiency": 1.0686750042657422,
        "accuracy_modifier": 1.0
      }
    }
  }
}
2025-09-05 06:13:07,294 - TankArmorSim - INFO - info:109 - Penetration Test: M829A4 APFSDS vs RHA 100.0mm
2025-09-05 06:13:07,294 - TankArmorSim - INFO - info:113 - Info data: {
  "test_type": "penetration",
  "timestamp": "2025-09-05T06:13:07.294470",
  "inputs": {
    "ammunition": "M829A4 APFSDS",
    "armor": "RHA 100.0mm",
    "angle": 0.0,
    "distance": 1000.0
  },
  "results": {
    "penetration": 694.0824970653637,
    "effective_thickness": 100.0,
    "outcome": "PROJECTILE_PENETRATES",
    "advanced_physics": {
      "base_penetration": 1210.135117338067,
      "final_penetration": 694.0824970653637,
      "velocity_at_target": 1224.601757863838,
      "advanced_effects": {
        "environmental_modifier": 1.0,
        "ballistic_result": {
          "_class": "AdvancedBallisticResult",
          "velocity_at_target": 1224.601757863838,
          "time_of_flight": 0.7010000000000005,
          "energy_at_target": 3449193.7703353646,
          "trajectory_angle": -0.2781070048778341,
          "penetration_modifier": 1.0,
          "ricochet_probability": 0.0,
          "environmental_effects": {
            "temperature_effect": 0.0,
            "altitude_effect": 0.0,
            "humidity_effect": 0.0,
            "wind_effect": 0.0,
            "air_density_ratio": 0.9980921775903026
          }
        }
      },
      "ricochet_analysis": {
        "ricochet_probability": 0.09856000000000001,
        "predicted_outcome": "penetration",
        "deflection_angle": 0.0,
        "critical_angle": 73.69954545454546
      },
      "temperature_analysis": {
        "velocity_modifier": 1.0,
        "penetration_modifier": 1.0,
        "propellant_efficiency": 1.0686750042657422,
        "accuracy_modifier": 1.0
      }
    }
  }
}
2025-09-05 06:13:33,094 - TankArmorSim - INFO - info:109 - Penetration Test: M829A4 APFSDS vs RHA 100.0mm
2025-09-05 06:13:33,095 - TankArmorSim - INFO - info:113 - Info data: {
  "test_type": "penetration",
  "timestamp": "2025-09-05T06:13:33.094880",
  "inputs": {
    "ammunition": "M829A4 APFSDS",
    "armor": "RHA 100.0mm",
    "angle": 0.0,
    "distance": 1000.0
  },
  "results": {
    "penetration": 694.0824970653637,
    "effective_thickness": 100.0,
    "outcome": "PROJECTILE_PENETRATES",
    "advanced_physics": {
      "base_penetration": 1210.135117338067,
      "final_penetration": 694.0824970653637,
      "velocity_at_target": 1224.601757863838,
      "advanced_effects": {
        "environmental_modifier": 1.0,
        "ballistic_result": {
          "_class": "AdvancedBallisticResult",
          "velocity_at_target": 1224.601757863838,
          "time_of_flight": 0.7010000000000005,
          "energy_at_target": 3449193.7703353646,
          "trajectory_angle": -0.2781070048778341,
          "penetration_modifier": 1.0,
          "ricochet_probability": 0.0,
          "environmental_effects": {
            "temperature_effect": 0.0,
            "altitude_effect": 0.0,
            "humidity_effect": 0.0,
            "wind_effect": 0.0,
            "air_density_ratio": 0.9980921775903026
          }
        }
      },
      "ricochet_analysis": {
        "ricochet_probability": 0.09856000000000001,
        "predicted_outcome": "penetration",
        "deflection_angle": 0.0,
        "critical_angle": 73.69954545454546
      },
      "temperature_analysis": {
        "velocity_modifier": 1.0,
        "penetration_modifier": 1.0,
        "propellant_efficiency": 1.0686750042657422,
        "accuracy_modifier": 1.0
      }
    }
  }
}
2025-09-05 07:23:24,261 - TankArmorSim - INFO - info:104 - Penetration Test: M72 AP Shot vs Challenger 2 Dorchester
2025-09-05 07:25:43,636 - TankArmorSim - INFO - info:109 - Simulation logging session started: 20250905_072543
2025-09-05 07:25:43,637 - TankArmorSim - INFO - info:109 - Penetration Test: M829A4 APFSDS vs M1A2 Frontal Armor
2025-09-05 07:25:43,637 - TankArmorSim - INFO - info:113 - Info data: {
  "test_type": "penetration",
  "timestamp": "2025-09-05T07:25:43.637048",
  "inputs": {
    "ammunition": "M829A4 APFSDS",
    "armor": "M1A2 Frontal Armor",
    "angle": 15,
    "distance": 2000
  },
  "results": {
    "penetration": 399.8428057818005,
    "effective_thickness": 781.6335162096126,
    "outcome": "ARMOR_DEFEATS",
    "advanced_physics": {
      "base_penetration": 1040.4323996671026,
      "final_penetration": 399.8428057818005,
      "velocity_at_target": 885.934330211098,
      "advanced_effects": {
        "environmental_modifier": 1.0,
        "ballistic_result": {
          "_class": "AdvancedBallisticResult",
          "velocity_at_target": 885.934330211098,
          "time_of_flight": 1.6619999999999278,
          "energy_at_target": 1805223.1661271495,
          "trajectory_angle": -0.8019749705691221,
          "penetration_modifier": 1.0,
          "ricochet_probability": 0.0,
          "environmental_effects": {
            "temperature_effect": 0.0,
            "altitude_effect": 0.0,
            "humidity_effect": 0.0,
            "wind_effect": 0.0,
            "air_density_ratio": 0.9980921775903026
          }
        }
      },
      "ricochet_analysis": {
        "ricochet_probability": 0.05690511167993328,
        "predicted_outcome": "penetration",
        "deflection_angle": 0.0,
        "critical_angle": 72.01954545454545
      },
      "temperature_analysis": {
        "velocity_modifier": 1.0,
        "penetration_modifier": 1.0,
        "propellant_efficiency": 1.0686750042657422,
        "accuracy_modifier": 1.0
      }
    }
  }
}
2025-09-05 07:26:53,865 - TankArmorSim - INFO - info:109 - Simulation logging session started: 20250905_072653
2025-09-05 07:26:54,540 - TankArmorSim - INFO - info:109 - Penetration Test: M829A4 APFSDS vs T-90M with Relikt ERA
2025-09-05 07:26:54,540 - TankArmorSim - INFO - info:113 - Info data: {
  "test_type": "penetration",
  "timestamp": "2025-09-05T07:26:54.540329",
  "inputs": {
    "ammunition": "M829A4 APFSDS",
    "armor": "T-90M with Relikt ERA",
    "angle": 30.0,
    "distance": 1200.0
  },
  "results": {
    "penetration": 754.2052751667655,
    "effective_thickness": 755.1741521000304,
    "outcome": "ARMOR_DEFEATS",
    "advanced_physics": {
      "base_penetration": 1259.2500619510106,
      "final_penetration": 754.2052751667655,
      "velocity_at_target": 1149.9107580851487,
      "advanced_effects": {
        "environmental_modifier": 1.0,
        "ballistic_result": {
          "_class": "AdvancedBallisticResult",
          "velocity_at_target": 1149.9107580851487,
          "time_of_flight": 0.8690000000000007,
          "energy_at_target": 3041277.9285879107,
          "trajectory_angle": -0.3577069552795971,
          "penetration_modifier": 1.0,
          "ricochet_probability": 0.0,
          "environmental_effects": {
            "temperature_effect": 0.0,
            "altitude_effect": 0.0,
            "humidity_effect": 0.0,
            "wind_effect": 0.0,
            "air_density_ratio": 0.9980921775903026
          }
        }
      },
      "ricochet_analysis": {
        "ricochet_probability": 0.04151469808017273,
        "predicted_outcome": "penetration",
        "deflection_angle": 0.0,
        "critical_angle": 73.36354545454546
      },
      "temperature_analysis": {
        "velocity_modifier": 1.0,
        "penetration_modifier": 1.0,
        "propellant_efficiency": 1.0686750042657422,
        "accuracy_modifier": 1.0
      }
    }
  }
}
